{"timestampUtc":"2026-04-25T17:36:08.9377968Z","leg":"leg1-tcp","phase":"start","requiresRelay":false,"durationSeconds":7200,"sampleIntervalSeconds":60,"processCount":1}
{"timestampUtc":"2026-04-25T17:36:09.0585549Z","leg":"leg1-tcp","phase":"pre","totalReceived":10490,"queueDepth":0,"totalDroppedByRetention":0}
{"timestampUtc":"2026-04-25T17:36:09.1193940Z","leg":"leg1-tcp","phase":"process-start","filePath":"dotnet","arguments":"run --project C:\\Project\\Utility\\SmartInspectConsole\\src\\SmartInspectConsole.LoadTester\\SmartInspectConsole.LoadTester.csproj -- --transport tcp --clients 8 --messages-per-second 1000 --payload-bytes 1024 --duration-seconds 7200 --connect-timeout-seconds 15 --operation-timeout-seconds 15 --watches-every 100 --flows-every 200 --app-prefix SoakTcp --session-prefix tcp","process":"tcp"}
{"timestampUtc":"2026-04-25T17:37:09.1435872Z","leg":"leg1-tcp","phase":"sample","totalReceived":399490,"queueDepth":42595,"totalDroppedByRetention":199490}
{"timestampUtc":"2026-04-25T17:38:09.1729036Z","leg":"leg1-tcp","phase":"sample","totalReceived":873990,"queueDepth":1985,"totalDroppedByRetention":356990}
{"timestampUtc":"2026-04-25T17:39:09.1933262Z","leg":"leg1-tcp","phase":"sample","totalReceived":1290990,"queueDepth":2375,"totalDroppedByRetention":491490}
{"timestampUtc":"2026-04-25T17:40:09.2002835Z","leg":"leg1-tcp","phase":"sample","totalReceived":1771490,"queueDepth":1951,"totalDroppedByRetention":587490}
{"timestampUtc":"2026-04-25T17:41:09.2183884Z","leg":"leg1-tcp","phase":"sample","totalReceived":2243490,"queueDepth":8063,"totalDroppedByRetention":691990}
{"timestampUtc":"2026-04-25T17:42:09.2274451Z","leg":"leg1-tcp","phase":"sample","totalReceived":2728490,"queueDepth":4016,"totalDroppedByRetention":791990}
{"timestampUtc":"2026-04-25T17:43:09.2393250Z","leg":"leg1-tcp","phase":"sample","totalReceived":3109490,"queueDepth":62248,"totalDroppedByRetention":879490}
{"timestampUtc":"2026-04-25T17:44:09.2556284Z","leg":"leg1-tcp","phase":"sample","totalReceived":3645990,"queueDepth":9167,"totalDroppedByRetention":1030490}
{"timestampUtc":"2026-04-25T17:45:09.2958742Z","leg":"leg1-tcp","phase":"sample","totalReceived":3913990,"queueDepth":100290,"totalDroppedByRetention":1141990}
{"timestampUtc":"2026-04-25T17:46:09.3029598Z","leg":"leg1-tcp","phase":"sample","totalReceived":4476990,"queueDepth":2772,"totalDroppedByRetention":1312490}
{"timestampUtc":"2026-04-25T17:47:09.3238187Z","leg":"leg1-tcp","phase":"sample","totalReceived":4957990,"queueDepth":2537,"totalDroppedByRetention":1408990}
{"timestampUtc":"2026-04-25T17:48:09.3316627Z","leg":"leg1-tcp","phase":"sample","totalReceived":5437490,"queueDepth":2533,"totalDroppedByRetention":1504990}
{"timestampUtc":"2026-04-25T17:49:09.3416703Z","leg":"leg1-tcp","phase":"sample","totalReceived":5918490,"queueDepth":1670,"totalDroppedByRetention":1600990}
{"timestampUtc":"2026-04-25T17:50:09.3583091Z","leg":"leg1-tcp","phase":"sample","totalReceived":6398490,"queueDepth":1775,"totalDroppedByRetention":1696990}
{"timestampUtc":"2026-04-25T17:51:09.3748923Z","leg":"leg1-tcp","phase":"sample","totalReceived":6878490,"queueDepth":1938,"totalDroppedByRetention":1792990}
{"timestampUtc":"2026-04-25T17:52:09.3844020Z","leg":"leg1-tcp","phase":"sample","totalReceived":7358990,"queueDepth":1499,"totalDroppedByRetention":1888990}
{"timestampUtc":"2026-04-25T17:53:09.3945840Z","leg":"leg1-tcp","phase":"sample","totalReceived":7838990,"queueDepth":1602,"totalDroppedByRetention":1984990}
{"timestampUtc":"2026-04-25T17:54:09.4083441Z","leg":"leg1-tcp","phase":"sample","totalReceived":8318990,"queueDepth":1603,"totalDroppedByRetention":2080990}
{"timestampUtc":"2026-04-25T17:55:09.4195398Z","leg":"leg1-tcp","phase":"sample","totalReceived":8798990,"queueDepth":1753,"totalDroppedByRetention":2176990}
{"timestampUtc":"2026-04-25T17:56:09.4322496Z","leg":"leg1-tcp","phase":"sample","totalReceived":9278490,"queueDepth":2398,"totalDroppedByRetention":2272990}
{"timestampUtc":"2026-04-25T17:57:09.4506730Z","leg":"leg1-tcp","phase":"sample","totalReceived":9758990,"queueDepth":2014,"totalDroppedByRetention":2368990}
{"timestampUtc":"2026-04-25T17:58:09.4666104Z","leg":"leg1-tcp","phase":"sample","totalReceived":10239490,"queueDepth":2168,"totalDroppedByRetention":2465490}
{"timestampUtc":"2026-04-25T17:59:09.4875537Z","leg":"leg1-tcp","phase":"sample","totalReceived":10719490,"queueDepth":1810,"totalDroppedByRetention":2561490}
{"timestampUtc":"2026-04-25T18:00:09.5057088Z","leg":"leg1-tcp","phase":"sample","totalReceived":11199490,"queueDepth":1825,"totalDroppedByRetention":2657490}
{"timestampUtc":"2026-04-25T18:01:09.5232869Z","leg":"leg1-tcp","phase":"sample","totalReceived":11679990,"queueDepth":1566,"totalDroppedByRetention":2753490}
{"timestampUtc":"2026-04-25T18:02:09.5472275Z","leg":"leg1-tcp","phase":"sample","totalReceived":12159990,"queueDepth":1786,"totalDroppedByRetention":2849490}
{"timestampUtc":"2026-04-25T18:03:09.5568959Z","leg":"leg1-tcp","phase":"sample","totalReceived":12639490,"queueDepth":2272,"totalDroppedByRetention":2945490}
{"timestampUtc":"2026-04-25T18:04:09.5696963Z","leg":"leg1-tcp","phase":"sample","totalReceived":13119990,"queueDepth":2008,"totalDroppedByRetention":3041490}
{"timestampUtc":"2026-04-25T18:05:09.5767246Z","leg":"leg1-tcp","phase":"sample","totalReceived":13600490,"queueDepth":2025,"totalDroppedByRetention":3137490}
{"timestampUtc":"2026-04-25T18:06:09.5925929Z","leg":"leg1-tcp","phase":"sample","totalReceived":14077490,"queueDepth":4400,"totalDroppedByRetention":3232990}
{"timestampUtc":"2026-04-25T18:07:09.6031931Z","leg":"leg1-tcp","phase":"sample","totalReceived":14560490,"queueDepth":1739,"totalDroppedByRetention":3329490}
{"timestampUtc":"2026-04-25T18:08:09.6457516Z","leg":"leg1-tcp","phase":"sample","totalReceived":15040490,"queueDepth":2531,"totalDroppedByRetention":3425490}
{"timestampUtc":"2026-04-25T18:09:09.6521894Z","leg":"leg1-tcp","phase":"sample","totalReceived":15519490,"queueDepth":2837,"totalDroppedByRetention":3521490}
{"timestampUtc":"2026-04-25T18:10:09.6617471Z","leg":"leg1-tcp","phase":"sample","totalReceived":15999490,"queueDepth":2717,"totalDroppedByRetention":3617490}
{"timestampUtc":"2026-04-25T18:11:09.6732633Z","leg":"leg1-tcp","phase":"sample","totalReceived":16480490,"queueDepth":2244,"totalDroppedByRetention":3720990}
{"timestampUtc":"2026-04-25T18:12:09.6928993Z","leg":"leg1-tcp","phase":"sample","totalReceived":16960490,"queueDepth":2495,"totalDroppedByRetention":3816990}
{"timestampUtc":"2026-04-25T18:13:09.7071900Z","leg":"leg1-tcp","phase":"sample","totalReceived":17441490,"queueDepth":2056,"totalDroppedByRetention":3913490}
{"timestampUtc":"2026-04-25T18:14:09.7211391Z","leg":"leg1-tcp","phase":"sample","totalReceived":17877990,"queueDepth":30333,"totalDroppedByRetention":4004490}
{"timestampUtc":"2026-04-25T18:15:09.7311900Z","leg":"leg1-tcp","phase":"sample","totalReceived":18299447,"queueDepth":2296,"totalDroppedByRetention":4183947}
{"timestampUtc":"2026-04-25T18:16:10.3972363Z","leg":"leg1-tcp","phase":"sample","totalReceived":18784947,"queueDepth":2289,"totalDroppedByRetention":4297447}
{"timestampUtc":"2026-04-25T18:17:10.4144653Z","leg":"leg1-tcp","phase":"sample","totalReceived":19264947,"queueDepth":2447,"totalDroppedByRetention":4394947}
{"timestampUtc":"2026-04-25T18:18:10.4469218Z","leg":"leg1-tcp","phase":"sample","totalReceived":19744947,"queueDepth":2689,"totalDroppedByRetention":4490947}
{"timestampUtc":"2026-04-25T18:19:10.4551539Z","leg":"leg1-tcp","phase":"sample","totalReceived":20225447,"queueDepth":2249,"totalDroppedByRetention":4586947}
{"timestampUtc":"2026-04-25T18:20:10.4722485Z","leg":"leg1-tcp","phase":"sample","totalReceived":20705947,"queueDepth":1726,"totalDroppedByRetention":4683947}
{"timestampUtc":"2026-04-25T18:21:10.4836706Z","leg":"leg1-tcp","phase":"sample","totalReceived":21137947,"queueDepth":35823,"totalDroppedByRetention":4782447}
{"timestampUtc":"2026-04-25T18:22:10.4912907Z","leg":"leg1-tcp","phase":"sample","totalReceived":21536947,"queueDepth":63256,"totalDroppedByRetention":4956947}
{"timestampUtc":"2026-04-25T18:23:10.5013679Z","leg":"leg1-tcp","phase":"sample","totalReceived":21994947,"queueDepth":17425,"totalDroppedByRetention":5190947}
{"timestampUtc":"2026-04-25T18:24:10.5336566Z","leg":"leg1-tcp","phase":"sample","totalReceived":22491947,"queueDepth":1885,"totalDroppedByRetention":5295947}
{"timestampUtc":"2026-04-25T18:25:10.5393638Z","leg":"leg1-tcp","phase":"sample","totalReceived":22971947,"queueDepth":2059,"totalDroppedByRetention":5391947}
{"timestampUtc":"2026-04-25T18:26:10.5838270Z","leg":"leg1-tcp","phase":"sample","totalReceived":23448447,"queueDepth":2604,"totalDroppedByRetention":5488447}
{"timestampUtc":"2026-04-25T18:27:10.6236947Z","leg":"leg1-tcp","phase":"sample","totalReceived":23922947,"queueDepth":2801,"totalDroppedByRetention":5600947}
{"timestampUtc":"2026-04-25T18:28:10.6540021Z","leg":"leg1-tcp","phase":"sample","totalReceived":24403447,"queueDepth":1984,"totalDroppedByRetention":5696947}
{"timestampUtc":"2026-04-25T18:29:10.6686383Z","leg":"leg1-tcp","phase":"sample","totalReceived":24882947,"queueDepth":2611,"totalDroppedByRetention":5792947}
{"timestampUtc":"2026-04-25T18:30:10.6886163Z","leg":"leg1-tcp","phase":"sample","totalReceived":25145141,"queueDepth":100154,"totalDroppedByRetention":5867141}
{"timestampUtc":"2026-04-25T18:31:10.7008056Z","leg":"leg1-tcp","phase":"sample","totalReceived":25577141,"queueDepth":2166,"totalDroppedByRetention":6063141}
{"timestampUtc":"2026-04-25T18:32:10.7151698Z","leg":"leg1-tcp","phase":"sample","totalReceived":26057641,"queueDepth":2101,"totalDroppedByRetention":6167641}
{"timestampUtc":"2026-04-25T18:33:10.7226181Z","leg":"leg1-tcp","phase":"sample","totalReceived":26336468,"queueDepth":97562,"totalDroppedByRetention":6252468}
{"timestampUtc":"2026-04-25T18:34:10.7312102Z","leg":"leg1-tcp","phase":"sample","totalReceived":26866468,"queueDepth":2009,"totalDroppedByRetention":6478468}
{"timestampUtc":"2026-04-25T18:35:10.7480531Z","leg":"leg1-tcp","phase":"sample","totalReceived":27346468,"queueDepth":2089,"totalDroppedByRetention":6582468}
{"timestampUtc":"2026-04-25T18:36:10.7593650Z","leg":"leg1-tcp","phase":"sample","totalReceived":27687528,"queueDepth":55956,"totalDroppedByRetention":6661528}
{"timestampUtc":"2026-04-25T18:37:10.7669623Z","leg":"leg1-tcp","phase":"sample","totalReceived":28224528,"queueDepth":3399,"totalDroppedByRetention":6808528}
{"timestampUtc":"2026-04-25T18:38:10.7871098Z","leg":"leg1-tcp","phase":"sample","totalReceived":28565461,"queueDepth":44651,"totalDroppedByRetention":6917461}
{"timestampUtc":"2026-04-25T18:39:10.7987672Z","leg":"leg1-tcp","phase":"sample","totalReceived":29085961,"queueDepth":3915,"totalDroppedByRetention":7034461}
{"timestampUtc":"2026-04-25T18:40:10.8052765Z","leg":"leg1-tcp","phase":"sample","totalReceived":29567461,"queueDepth":3467,"totalDroppedByRetention":7130961}
{"timestampUtc":"2026-04-25T18:41:10.8142370Z","leg":"leg1-tcp","phase":"sample","totalReceived":30048961,"queueDepth":1493,"totalDroppedByRetention":7226961}
{"timestampUtc":"2026-04-25T18:42:10.8362737Z","leg":"leg1-tcp","phase":"sample","totalReceived":30528461,"queueDepth":2070,"totalDroppedByRetention":7322961}
{"timestampUtc":"2026-04-25T18:43:10.8656672Z","leg":"leg1-tcp","phase":"sample","totalReceived":31008961,"queueDepth":2391,"totalDroppedByRetention":7418961}
{"timestampUtc":"2026-04-25T18:44:10.8845495Z","leg":"leg1-tcp","phase":"sample","totalReceived":31483461,"queueDepth":7265,"totalDroppedByRetention":7513961}
{"timestampUtc":"2026-04-25T18:45:10.9029109Z","leg":"leg1-tcp","phase":"sample","totalReceived":31969461,"queueDepth":2050,"totalDroppedByRetention":7611461}
{"timestampUtc":"2026-04-25T18:46:10.9188674Z","leg":"leg1-tcp","phase":"sample","totalReceived":32449461,"queueDepth":1760,"totalDroppedByRetention":7712461}
{"timestampUtc":"2026-04-25T18:47:10.9496624Z","leg":"leg1-tcp","phase":"sample","totalReceived":32929461,"queueDepth":1957,"totalDroppedByRetention":7808461}
{"timestampUtc":"2026-04-25T18:48:10.9695820Z","leg":"leg1-tcp","phase":"sample","totalReceived":33409461,"queueDepth":2163,"totalDroppedByRetention":7904961}
{"timestampUtc":"2026-04-25T18:49:11.0031243Z","leg":"leg1-tcp","phase":"sample","totalReceived":33889961,"queueDepth":1985,"totalDroppedByRetention":8003461}
{"timestampUtc":"2026-04-25T18:50:11.0345480Z","leg":"leg1-tcp","phase":"sample","totalReceived":34370461,"queueDepth":1737,"totalDroppedByRetention":8099461}
{"timestampUtc":"2026-04-25T18:51:11.0569040Z","leg":"leg1-tcp","phase":"sample","totalReceived":34850461,"queueDepth":1880,"totalDroppedByRetention":8195461}
{"timestampUtc":"2026-04-25T18:52:11.0881060Z","leg":"leg1-tcp","phase":"sample","totalReceived":35330961,"queueDepth":1715,"totalDroppedByRetention":8291461}
{"timestampUtc":"2026-04-25T18:53:11.0970301Z","leg":"leg1-tcp","phase":"sample","totalReceived":35810961,"queueDepth":1740,"totalDroppedByRetention":8387461}
{"timestampUtc":"2026-04-25T18:54:11.1010174Z","leg":"leg1-tcp","phase":"sample","totalReceived":36290461,"queueDepth":2297,"totalDroppedByRetention":8483461}
{"timestampUtc":"2026-04-25T18:55:11.1083828Z","leg":"leg1-tcp","phase":"sample","totalReceived":36770961,"queueDepth":1833,"totalDroppedByRetention":8579461}
{"timestampUtc":"2026-04-25T18:56:11.1193738Z","leg":"leg1-tcp","phase":"sample","totalReceived":37250961,"queueDepth":2367,"totalDroppedByRetention":8686961}
{"timestampUtc":"2026-04-25T18:57:11.1328723Z","leg":"leg1-tcp","phase":"sample","totalReceived":37730961,"queueDepth":2519,"totalDroppedByRetention":8784961}
{"timestampUtc":"2026-04-25T18:58:11.1399880Z","leg":"leg1-tcp","phase":"sample","totalReceived":38210961,"queueDepth":2046,"totalDroppedByRetention":8880961}
{"timestampUtc":"2026-04-25T18:59:11.1656569Z","leg":"leg1-tcp","phase":"sample","totalReceived":38690961,"queueDepth":2266,"totalDroppedByRetention":8977461}
{"timestampUtc":"2026-04-25T19:00:11.1932640Z","leg":"leg1-tcp","phase":"sample","totalReceived":39141961,"queueDepth":17287,"totalDroppedByRetention":9069961}
{"timestampUtc":"2026-04-25T19:01:11.2124367Z","leg":"leg1-tcp","phase":"sample","totalReceived":39644961,"queueDepth":1969,"totalDroppedByRetention":9197461}
{"timestampUtc":"2026-04-25T19:02:11.2316254Z","leg":"leg1-tcp","phase":"sample","totalReceived":40118461,"queueDepth":7062,"totalDroppedByRetention":9308961}
{"timestampUtc":"2026-04-25T19:03:11.2393897Z","leg":"leg1-tcp","phase":"sample","totalReceived":40551961,"queueDepth":1601,"totalDroppedByRetention":9449961}
{"timestampUtc":"2026-04-25T19:04:11.2655725Z","leg":"leg1-tcp","phase":"sample","totalReceived":41010461,"queueDepth":13658,"totalDroppedByRetention":9596961}
{"timestampUtc":"2026-04-25T19:05:11.2798779Z","leg":"leg1-tcp","phase":"sample","totalReceived":41401461,"queueDepth":64870,"totalDroppedByRetention":9753461}
{"timestampUtc":"2026-04-25T19:06:11.3163407Z","leg":"leg1-tcp","phase":"sample","totalReceived":41807961,"queueDepth":21032,"totalDroppedByRetention":9959961}
{"timestampUtc":"2026-04-25T19:07:11.3424198Z","leg":"leg1-tcp","phase":"sample","totalReceived":42236961,"queueDepth":48477,"totalDroppedByRetention":10092961}
{"timestampUtc":"2026-04-25T19:08:11.3573207Z","leg":"leg1-tcp","phase":"sample","totalReceived":42758961,"queueDepth":7064,"totalDroppedByRetention":10236961}
{"timestampUtc":"2026-04-25T19:09:11.3689256Z","leg":"leg1-tcp","phase":"sample","totalReceived":43225461,"queueDepth":19899,"totalDroppedByRetention":10369461}
{"timestampUtc":"2026-04-25T19:10:11.4013272Z","leg":"leg1-tcp","phase":"sample","totalReceived":43713961,"queueDepth":6782,"totalDroppedByRetention":10485961}
{"timestampUtc":"2026-04-25T19:11:11.4151658Z","leg":"leg1-tcp","phase":"sample","totalReceived":44120961,"queueDepth":34836,"totalDroppedByRetention":10618961}
{"timestampUtc":"2026-04-25T19:12:11.4485804Z","leg":"leg1-tcp","phase":"sample","totalReceived":44599461,"queueDepth":2660,"totalDroppedByRetention":10769961}
{"timestampUtc":"2026-04-25T19:13:11.4571501Z","leg":"leg1-tcp","phase":"sample","totalReceived":45070461,"queueDepth":6647,"totalDroppedByRetention":10873961}
{"timestampUtc":"2026-04-25T19:14:11.4670388Z","leg":"leg1-tcp","phase":"sample","totalReceived":45533461,"queueDepth":17192,"totalDroppedByRetention":10993461}
{"timestampUtc":"2026-04-25T19:15:11.4803253Z","leg":"leg1-tcp","phase":"sample","totalReceived":46014461,"queueDepth":10294,"totalDroppedByRetention":11103461}
{"timestampUtc":"2026-04-25T19:16:11.5075316Z","leg":"leg1-tcp","phase":"sample","totalReceived":46470461,"queueDepth":3295,"totalDroppedByRetention":11256961}
{"timestampUtc":"2026-04-25T19:17:11.5237675Z","leg":"leg1-tcp","phase":"sample","totalReceived":46945961,"queueDepth":2557,"totalDroppedByRetention":11354961}
{"timestampUtc":"2026-04-25T19:18:11.5406083Z","leg":"leg1-tcp","phase":"sample","totalReceived":47425961,"queueDepth":3071,"totalDroppedByRetention":11450961}
{"timestampUtc":"2026-04-25T19:19:11.5458603Z","leg":"leg1-tcp","phase":"sample","totalReceived":47900461,"queueDepth":2744,"totalDroppedByRetention":11550961}
{"timestampUtc":"2026-04-25T19:20:11.5674355Z","leg":"leg1-tcp","phase":"sample","totalReceived":48366461,"queueDepth":2333,"totalDroppedByRetention":11650461}
{"timestampUtc":"2026-04-25T19:21:11.5883491Z","leg":"leg1-tcp","phase":"sample","totalReceived":48840461,"queueDepth":2409,"totalDroppedByRetention":11752461}
{"timestampUtc":"2026-04-25T19:22:11.5950397Z","leg":"leg1-tcp","phase":"sample","totalReceived":49319961,"queueDepth":2453,"totalDroppedByRetention":11849961}
{"timestampUtc":"2026-04-25T19:23:11.6119925Z","leg":"leg1-tcp","phase":"sample","totalReceived":49800461,"queueDepth":2087,"totalDroppedByRetention":11946461}
{"timestampUtc":"2026-04-25T19:24:11.6375511Z","leg":"leg1-tcp","phase":"sample","totalReceived":50280461,"queueDepth":2277,"totalDroppedByRetention":12042461}
{"timestampUtc":"2026-04-25T19:25:11.6526444Z","leg":"leg1-tcp","phase":"sample","totalReceived":50753961,"queueDepth":2067,"totalDroppedByRetention":12148961}
{"timestampUtc":"2026-04-25T19:26:11.6621561Z","leg":"leg1-tcp","phase":"sample","totalReceived":51154961,"queueDepth":58232,"totalDroppedByRetention":12266961}
{"timestampUtc":"2026-04-25T19:27:11.6734463Z","leg":"leg1-tcp","phase":"sample","totalReceived":51655461,"queueDepth":15052,"totalDroppedByRetention":12477461}
{"timestampUtc":"2026-04-25T19:28:11.6838141Z","leg":"leg1-tcp","phase":"sample","totalReceived":52104961,"queueDepth":1862,"totalDroppedByRetention":12610961}
{"timestampUtc":"2026-04-25T19:29:11.6970029Z","leg":"leg1-tcp","phase":"sample","totalReceived":52584961,"queueDepth":2006,"totalDroppedByRetention":12710961}
{"timestampUtc":"2026-04-25T19:30:11.7155580Z","leg":"leg1-tcp","phase":"sample","totalReceived":53065461,"queueDepth":2128,"totalDroppedByRetention":12810461}
{"timestampUtc":"2026-04-25T19:31:11.7446719Z","leg":"leg1-tcp","phase":"sample","totalReceived":53529461,"queueDepth":2568,"totalDroppedByRetention":12941461}
{"timestampUtc":"2026-04-25T19:32:11.7970325Z","leg":"leg1-tcp","phase":"sample","totalReceived":53989461,"queueDepth":13266,"totalDroppedByRetention":13069461}
{"timestampUtc":"2026-04-25T19:33:11.8273933Z","leg":"leg1-tcp","phase":"sample","totalReceived":54478461,"queueDepth":1926,"totalDroppedByRetention":13204461}
{"timestampUtc":"2026-04-25T19:34:11.8370494Z","leg":"leg1-tcp","phase":"sample","totalReceived":54958461,"queueDepth":1960,"totalDroppedByRetention":13300461}
{"timestampUtc":"2026-04-25T19:35:11.8666699Z","leg":"leg1-tcp","phase":"sample","totalReceived":55438961,"queueDepth":2202,"totalDroppedByRetention":13396961}
{"timestampUtc":"2026-04-25T19:36:11.8963955Z","leg":"leg1-tcp","phase":"sample","totalReceived":55918760,"queueDepth":299,"totalDroppedByRetention":13498961}
{"timestampUtc":"2026-04-25T19:36:11.9039422Z","leg":"leg1-tcp","phase":"post","totalReceived":55918760,"queueDepth":0,"totalDroppedByRetention":13498961}
{"timestampUtc":"2026-04-25T19:36:41.9138293Z","leg":"leg1-tcp","phase":"complete","success":true,"drainSeconds":30,"finalTotalReceived":55918760,"durationSeconds":7200,"finalQueueDepth":0,"finalTotalDroppedByRetention":13498961,"localQueueDrainThreshold":50}
{"timestampUtc":"2026-04-25T19:36:41.9293339Z","leg":"leg2-pipe","phase":"start","requiresRelay":false,"durationSeconds":7200,"sampleIntervalSeconds":60,"processCount":1}
{"timestampUtc":"2026-04-25T19:36:41.9335614Z","leg":"leg2-pipe","phase":"pre","totalReceived":55918760,"queueDepth":0,"totalDroppedByRetention":13498961}
{"timestampUtc":"2026-04-25T19:36:41.9450688Z","leg":"leg2-pipe","phase":"process-start","filePath":"dotnet","arguments":"run --project C:\\Project\\Utility\\SmartInspectConsole\\src\\SmartInspectConsole.LoadTester\\SmartInspectConsole.LoadTester.csproj -- --transport pipe --clients 4 --messages-per-second 750 --payload-bytes 1024 --duration-seconds 7200 --connect-timeout-seconds 15 --operation-timeout-seconds 15 --watches-every 100 --flows-every 200 --app-prefix SoakPipe --session-prefix pipe --pipe smartinspect","process":"pipe"}
{"timestampUtc":"2026-04-25T19:37:41.9544733Z","leg":"leg2-pipe","phase":"sample","totalReceived":55962429,"queueDepth":46,"totalDroppedByRetention":13499462}
{"timestampUtc":"2026-04-25T19:38:41.9655740Z","leg":"leg2-pipe","phase":"sample","totalReceived":56007419,"queueDepth":20,"totalDroppedByRetention":13499974}
{"timestampUtc":"2026-04-25T19:39:41.9953727Z","leg":"leg2-pipe","phase":"sample","totalReceived":56052429,"queueDepth":31,"totalDroppedByRetention":13500468}
{"timestampUtc":"2026-04-25T19:40:42.0094492Z","leg":"leg2-pipe","phase":"sample","totalReceived":56097434,"queueDepth":38,"totalDroppedByRetention":13501004}
{"timestampUtc":"2026-04-25T19:41:42.0415124Z","leg":"leg2-pipe","phase":"sample","totalReceived":56142501,"queueDepth":55,"totalDroppedByRetention":13501490}
{"timestampUtc":"2026-04-25T19:42:42.0631321Z","leg":"leg2-pipe","phase":"sample","totalReceived":56187510,"queueDepth":47,"totalDroppedByRetention":13502058}
{"timestampUtc":"2026-04-25T19:43:42.0871870Z","leg":"leg2-pipe","phase":"sample","totalReceived":56232498,"queueDepth":32,"totalDroppedByRetention":13502623}
{"timestampUtc":"2026-04-25T19:44:42.0946722Z","leg":"leg2-pipe","phase":"sample","totalReceived":56277512,"queueDepth":24,"totalDroppedByRetention":13503142}
{"timestampUtc":"2026-04-25T19:45:42.1241736Z","leg":"leg2-pipe","phase":"sample","totalReceived":56322545,"queueDepth":16,"totalDroppedByRetention":13503685}
{"timestampUtc":"2026-04-25T19:46:42.1458551Z","leg":"leg2-pipe","phase":"sample","totalReceived":56367537,"queueDepth":42,"totalDroppedByRetention":13504328}
{"timestampUtc":"2026-04-25T19:47:42.1616639Z","leg":"leg2-pipe","phase":"sample","totalReceived":56412569,"queueDepth":15,"totalDroppedByRetention":13504738}
{"timestampUtc":"2026-04-25T19:48:42.1756982Z","leg":"leg2-pipe","phase":"sample","totalReceived":56457554,"queueDepth":44,"totalDroppedByRetention":13505361}
{"timestampUtc":"2026-04-25T19:49:42.2038205Z","leg":"leg2-pipe","phase":"sample","totalReceived":56502582,"queueDepth":34,"totalDroppedByRetention":13505899}
{"timestampUtc":"2026-04-25T19:50:42.2119138Z","leg":"leg2-pipe","phase":"sample","totalReceived":56547594,"queueDepth":27,"totalDroppedByRetention":13506421}
{"timestampUtc":"2026-04-25T19:51:42.2412161Z","leg":"leg2-pipe","phase":"sample","totalReceived":56592631,"queueDepth":20,"totalDroppedByRetention":13506989}
{"timestampUtc":"2026-04-25T19:52:42.2702549Z","leg":"leg2-pipe","phase":"sample","totalReceived":56637653,"queueDepth":14,"totalDroppedByRetention":13507547}
{"timestampUtc":"2026-04-25T19:53:42.2768439Z","leg":"leg2-pipe","phase":"sample","totalReceived":56682637,"queueDepth":37,"totalDroppedByRetention":13508088}
{"timestampUtc":"2026-04-25T19:54:42.3112204Z","leg":"leg2-pipe","phase":"sample","totalReceived":56727653,"queueDepth":44,"totalDroppedByRetention":13508532}
{"timestampUtc":"2026-04-25T19:55:42.3303813Z","leg":"leg2-pipe","phase":"sample","totalReceived":56772687,"queueDepth":22,"totalDroppedByRetention":13509070}
{"timestampUtc":"2026-04-25T19:56:42.3383877Z","leg":"leg2-pipe","phase":"sample","totalReceived":56817705,"queueDepth":4,"totalDroppedByRetention":13509462}
{"timestampUtc":"2026-04-25T19:57:42.3721311Z","leg":"leg2-pipe","phase":"sample","totalReceived":56862730,"queueDepth":20,"totalDroppedByRetention":13509939}
{"timestampUtc":"2026-04-25T19:58:42.3903246Z","leg":"leg2-pipe","phase":"sample","totalReceived":56907698,"queueDepth":57,"totalDroppedByRetention":13510541}
{"timestampUtc":"2026-04-25T19:59:42.4104873Z","leg":"leg2-pipe","phase":"sample","totalReceived":56952736,"queueDepth":38,"totalDroppedByRetention":13511129}
{"timestampUtc":"2026-04-25T20:00:42.4226035Z","leg":"leg2-pipe","phase":"sample","totalReceived":56997781,"queueDepth":61,"totalDroppedByRetention":13511722}
{"timestampUtc":"2026-04-25T20:01:42.4507179Z","leg":"leg2-pipe","phase":"sample","totalReceived":57042746,"queueDepth":57,"totalDroppedByRetention":13512322}
{"timestampUtc":"2026-04-25T20:02:42.4699719Z","leg":"leg2-pipe","phase":"sample","totalReceived":57087782,"queueDepth":33,"totalDroppedByRetention":13512964}
{"timestampUtc":"2026-04-25T20:03:42.4787227Z","leg":"leg2-pipe","phase":"sample","totalReceived":57132812,"queueDepth":15,"totalDroppedByRetention":13513465}
{"timestampUtc":"2026-04-25T20:04:42.4968051Z","leg":"leg2-pipe","phase":"sample","totalReceived":57177823,"queueDepth":18,"totalDroppedByRetention":13514044}
{"timestampUtc":"2026-04-25T20:05:42.5051943Z","leg":"leg2-pipe","phase":"sample","totalReceived":57222835,"queueDepth":40,"totalDroppedByRetention":13514636}
{"timestampUtc":"2026-04-25T20:06:42.5272258Z","leg":"leg2-pipe","phase":"sample","totalReceived":57267838,"queueDepth":18,"totalDroppedByRetention":13515217}
{"timestampUtc":"2026-04-25T20:07:42.5425548Z","leg":"leg2-pipe","phase":"sample","totalReceived":57312860,"queueDepth":10,"totalDroppedByRetention":13515692}
{"timestampUtc":"2026-04-25T20:08:42.5537592Z","leg":"leg2-pipe","phase":"sample","totalReceived":57357862,"queueDepth":16,"totalDroppedByRetention":13516200}
{"timestampUtc":"2026-04-25T20:09:42.5726235Z","leg":"leg2-pipe","phase":"sample","totalReceived":57402869,"queueDepth":34,"totalDroppedByRetention":13516869}
{"timestampUtc":"2026-04-25T20:10:42.6189679Z","leg":"leg2-pipe","phase":"sample","totalReceived":57447928,"queueDepth":45,"totalDroppedByRetention":13517381}
{"timestampUtc":"2026-04-25T20:11:42.6348813Z","leg":"leg2-pipe","phase":"sample","totalReceived":57492895,"queueDepth":49,"totalDroppedByRetention":13517880}
{"timestampUtc":"2026-04-25T20:12:42.6547768Z","leg":"leg2-pipe","phase":"sample","totalReceived":57537919,"queueDepth":42,"totalDroppedByRetention":13518429}
{"timestampUtc":"2026-04-25T20:13:42.6635742Z","leg":"leg2-pipe","phase":"sample","totalReceived":57582924,"queueDepth":40,"totalDroppedByRetention":13518947}
{"timestampUtc":"2026-04-25T20:14:42.6774138Z","leg":"leg2-pipe","phase":"sample","totalReceived":57627928,"queueDepth":48,"totalDroppedByRetention":13519405}
{"timestampUtc":"2026-04-25T20:15:42.6967769Z","leg":"leg2-pipe","phase":"sample","totalReceived":57672939,"queueDepth":50,"totalDroppedByRetention":13519946}
{"timestampUtc":"2026-04-25T20:16:42.7275515Z","leg":"leg2-pipe","phase":"sample","totalReceived":57717966,"queueDepth":43,"totalDroppedByRetention":13520593}
{"timestampUtc":"2026-04-25T20:17:42.7371877Z","leg":"leg2-pipe","phase":"sample","totalReceived":57762994,"queueDepth":24,"totalDroppedByRetention":13521066}
{"timestampUtc":"2026-04-25T20:18:42.7465403Z","leg":"leg2-pipe","phase":"sample","totalReceived":57808001,"queueDepth":23,"totalDroppedByRetention":13521674}
{"timestampUtc":"2026-04-25T20:19:42.7586593Z","leg":"leg2-pipe","phase":"sample","totalReceived":57853012,"queueDepth":19,"totalDroppedByRetention":13522113}
{"timestampUtc":"2026-04-25T20:20:42.7909697Z","leg":"leg2-pipe","phase":"sample","totalReceived":57898011,"queueDepth":46,"totalDroppedByRetention":13522804}
{"timestampUtc":"2026-04-25T20:21:42.8201696Z","leg":"leg2-pipe","phase":"sample","totalReceived":57943071,"queueDepth":18,"totalDroppedByRetention":13523393}
{"timestampUtc":"2026-04-25T20:22:42.8487991Z","leg":"leg2-pipe","phase":"sample","totalReceived":57988076,"queueDepth":27,"totalDroppedByRetention":13524011}
{"timestampUtc":"2026-04-25T20:23:42.8789364Z","leg":"leg2-pipe","phase":"sample","totalReceived":58033098,"queueDepth":26,"totalDroppedByRetention":13524601}
{"timestampUtc":"2026-04-25T20:24:42.8899919Z","leg":"leg2-pipe","phase":"sample","totalReceived":58078095,"queueDepth":35,"totalDroppedByRetention":13525277}
{"timestampUtc":"2026-04-25T20:25:42.8985386Z","leg":"leg2-pipe","phase":"sample","totalReceived":58123092,"queueDepth":50,"totalDroppedByRetention":13525847}
{"timestampUtc":"2026-04-25T20:26:42.9161764Z","leg":"leg2-pipe","phase":"sample","totalReceived":58168104,"queueDepth":48,"totalDroppedByRetention":13526456}
{"timestampUtc":"2026-04-25T20:27:42.9506678Z","leg":"leg2-pipe","phase":"sample","totalReceived":58213144,"queueDepth":32,"totalDroppedByRetention":13527082}
{"timestampUtc":"2026-04-25T20:28:42.9686938Z","leg":"leg2-pipe","phase":"sample","totalReceived":58258178,"queueDepth":21,"totalDroppedByRetention":13527573}
{"timestampUtc":"2026-04-25T20:29:42.9845187Z","leg":"leg2-pipe","phase":"sample","totalReceived":58303167,"queueDepth":34,"totalDroppedByRetention":13528108}
{"timestampUtc":"2026-04-25T20:30:43.0046075Z","leg":"leg2-pipe","phase":"sample","totalReceived":58348184,"queueDepth":34,"totalDroppedByRetention":13528714}
{"timestampUtc":"2026-04-25T20:31:43.0382000Z","leg":"leg2-pipe","phase":"sample","totalReceived":58393211,"queueDepth":31,"totalDroppedByRetention":13529148}
{"timestampUtc":"2026-04-25T20:32:43.0473317Z","leg":"leg2-pipe","phase":"sample","totalReceived":58436568,"queueDepth":48,"totalDroppedByRetention":13529845}
{"timestampUtc":"2026-04-25T20:33:43.0671991Z","leg":"leg2-pipe","phase":"sample","totalReceived":58481556,"queueDepth":44,"totalDroppedByRetention":13530640}
{"timestampUtc":"2026-04-25T20:34:43.0720140Z","leg":"leg2-pipe","phase":"sample","totalReceived":58526565,"queueDepth":37,"totalDroppedByRetention":13531285}
{"timestampUtc":"2026-04-25T20:35:43.0941671Z","leg":"leg2-pipe","phase":"sample","totalReceived":58571578,"queueDepth":37,"totalDroppedByRetention":13531809}
{"timestampUtc":"2026-04-25T20:36:43.1036426Z","leg":"leg2-pipe","phase":"sample","totalReceived":58616595,"queueDepth":24,"totalDroppedByRetention":13532423}
{"timestampUtc":"2026-04-25T20:37:43.1374945Z","leg":"leg2-pipe","phase":"sample","totalReceived":58661634,"queueDepth":18,"totalDroppedByRetention":13533074}
{"timestampUtc":"2026-04-25T20:38:43.1502280Z","leg":"leg2-pipe","phase":"sample","totalReceived":58706620,"queueDepth":35,"totalDroppedByRetention":13533849}
{"timestampUtc":"2026-04-25T20:39:43.1667411Z","leg":"leg2-pipe","phase":"sample","totalReceived":58751431,"queueDepth":7,"totalDroppedByRetention":13534475}
{"timestampUtc":"2026-04-25T20:40:43.2018029Z","leg":"leg2-pipe","phase":"sample","totalReceived":58795367,"queueDepth":35,"totalDroppedByRetention":13535008}
{"timestampUtc":"2026-04-25T20:41:43.2118368Z","leg":"leg2-pipe","phase":"sample","totalReceived":58840394,"queueDepth":18,"totalDroppedByRetention":13535604}
{"timestampUtc":"2026-04-25T20:42:43.2344415Z","leg":"leg2-pipe","phase":"sample","totalReceived":58885225,"queueDepth":16,"totalDroppedByRetention":13536153}
{"timestampUtc":"2026-04-25T20:43:43.2408592Z","leg":"leg2-pipe","phase":"sample","totalReceived":58930055,"queueDepth":2,"totalDroppedByRetention":13536707}
{"timestampUtc":"2026-04-25T20:44:43.2559079Z","leg":"leg2-pipe","phase":"sample","totalReceived":58974905,"queueDepth":100,"totalDroppedByRetention":13537269}
{"timestampUtc":"2026-04-25T20:45:43.2633045Z","leg":"leg2-pipe","phase":"sample","totalReceived":59020094,"queueDepth":36,"totalDroppedByRetention":13537992}
{"timestampUtc":"2026-04-25T20:46:43.2738867Z","leg":"leg2-pipe","phase":"sample","totalReceived":59065105,"queueDepth":34,"totalDroppedByRetention":13538536}
{"timestampUtc":"2026-04-25T20:47:43.2821973Z","leg":"leg2-pipe","phase":"sample","totalReceived":59110123,"queueDepth":22,"totalDroppedByRetention":13539218}
{"timestampUtc":"2026-04-25T20:48:43.3137219Z","leg":"leg2-pipe","phase":"sample","totalReceived":59155168,"queueDepth":47,"totalDroppedByRetention":13539853}
{"timestampUtc":"2026-04-25T20:49:43.3234420Z","leg":"leg2-pipe","phase":"sample","totalReceived":59200156,"queueDepth":23,"totalDroppedByRetention":13540360}
{"timestampUtc":"2026-04-25T20:50:43.3628932Z","leg":"leg2-pipe","phase":"sample","totalReceived":59245156,"queueDepth":48,"totalDroppedByRetention":13541041}
{"timestampUtc":"2026-04-25T20:51:43.3933953Z","leg":"leg2-pipe","phase":"sample","totalReceived":59290192,"queueDepth":38,"totalDroppedByRetention":13541604}
{"timestampUtc":"2026-04-25T20:52:43.4154882Z","leg":"leg2-pipe","phase":"sample","totalReceived":59335234,"queueDepth":20,"totalDroppedByRetention":13542175}
{"timestampUtc":"2026-04-25T20:53:43.4485587Z","leg":"leg2-pipe","phase":"sample","totalReceived":59380234,"queueDepth":36,"totalDroppedByRetention":13542755}
{"timestampUtc":"2026-04-25T20:54:43.4678025Z","leg":"leg2-pipe","phase":"sample","totalReceived":59425284,"queueDepth":0,"totalDroppedByRetention":13543296}
{"timestampUtc":"2026-04-25T20:55:43.4856271Z","leg":"leg2-pipe","phase":"sample","totalReceived":59470285,"queueDepth":19,"totalDroppedByRetention":13544123}
{"timestampUtc":"2026-04-25T20:56:43.5006415Z","leg":"leg2-pipe","phase":"sample","totalReceived":59515275,"queueDepth":35,"totalDroppedByRetention":13544773}
{"timestampUtc":"2026-04-25T20:57:43.5105140Z","leg":"leg2-pipe","phase":"sample","totalReceived":59560210,"queueDepth":29,"totalDroppedByRetention":13545449}
{"timestampUtc":"2026-04-25T20:58:43.5292185Z","leg":"leg2-pipe","phase":"sample","totalReceived":59605224,"queueDepth":20,"totalDroppedByRetention":13546207}
{"timestampUtc":"2026-04-25T20:59:43.5466143Z","leg":"leg2-pipe","phase":"sample","totalReceived":59650248,"queueDepth":19,"totalDroppedByRetention":13546641}
{"timestampUtc":"2026-04-25T21:00:43.5588309Z","leg":"leg2-pipe","phase":"sample","totalReceived":59695235,"queueDepth":32,"totalDroppedByRetention":13547443}
{"timestampUtc":"2026-04-25T21:01:43.5821114Z","leg":"leg2-pipe","phase":"sample","totalReceived":59740262,"queueDepth":25,"totalDroppedByRetention":13548019}
{"timestampUtc":"2026-04-25T21:02:43.5935200Z","leg":"leg2-pipe","phase":"sample","totalReceived":59785283,"queueDepth":13,"totalDroppedByRetention":13548735}
{"timestampUtc":"2026-04-25T21:03:43.6062614Z","leg":"leg2-pipe","phase":"sample","totalReceived":59830257,"queueDepth":52,"totalDroppedByRetention":13549263}
{"timestampUtc":"2026-04-25T21:04:43.6205776Z","leg":"leg2-pipe","phase":"sample","totalReceived":59875315,"queueDepth":48,"totalDroppedByRetention":13549958}
{"timestampUtc":"2026-04-25T21:05:43.6322239Z","leg":"leg2-pipe","phase":"sample","totalReceived":59920288,"queueDepth":39,"totalDroppedByRetention":13550434}
{"timestampUtc":"2026-04-25T21:06:43.6506228Z","leg":"leg2-pipe","phase":"sample","totalReceived":59965282,"queueDepth":57,"totalDroppedByRetention":13551179}
{"timestampUtc":"2026-04-25T21:07:43.6688335Z","leg":"leg2-pipe","phase":"sample","totalReceived":60010302,"queueDepth":48,"totalDroppedByRetention":13551672}
{"timestampUtc":"2026-04-25T21:08:43.6806640Z","leg":"leg2-pipe","phase":"sample","totalReceived":60055337,"queueDepth":0,"totalDroppedByRetention":13552246}
{"timestampUtc":"2026-04-25T21:09:43.7058752Z","leg":"leg2-pipe","phase":"sample","totalReceived":60100353,"queueDepth":30,"totalDroppedByRetention":13552831}
{"timestampUtc":"2026-04-25T21:10:43.7124352Z","leg":"leg2-pipe","phase":"sample","totalReceived":60145337,"queueDepth":49,"totalDroppedByRetention":13553540}
{"timestampUtc":"2026-04-25T21:11:43.7344247Z","leg":"leg2-pipe","phase":"sample","totalReceived":60190388,"queueDepth":13,"totalDroppedByRetention":13554214}
{"timestampUtc":"2026-04-25T21:12:43.7468290Z","leg":"leg2-pipe","phase":"sample","totalReceived":60235388,"queueDepth":20,"totalDroppedByRetention":13554723}
{"timestampUtc":"2026-04-25T21:13:43.7601214Z","leg":"leg2-pipe","phase":"sample","totalReceived":60280374,"queueDepth":53,"totalDroppedByRetention":13555391}
{"timestampUtc":"2026-04-25T21:14:43.7760718Z","leg":"leg2-pipe","phase":"sample","totalReceived":60325397,"queueDepth":34,"totalDroppedByRetention":13555838}
{"timestampUtc":"2026-04-25T21:15:43.7929914Z","leg":"leg2-pipe","phase":"sample","totalReceived":60370443,"queueDepth":47,"totalDroppedByRetention":13556443}
{"timestampUtc":"2026-04-25T21:16:43.8182175Z","leg":"leg2-pipe","phase":"sample","totalReceived":60415450,"queueDepth":14,"totalDroppedByRetention":13557108}
{"timestampUtc":"2026-04-25T21:17:43.8225910Z","leg":"leg2-pipe","phase":"sample","totalReceived":60460421,"queueDepth":46,"totalDroppedByRetention":13557745}
{"timestampUtc":"2026-04-25T21:18:43.8315240Z","leg":"leg2-pipe","phase":"sample","totalReceived":60505446,"queueDepth":29,"totalDroppedByRetention":13558371}
{"timestampUtc":"2026-04-25T21:19:43.8373532Z","leg":"leg2-pipe","phase":"sample","totalReceived":60550468,"queueDepth":16,"totalDroppedByRetention":13558828}
{"timestampUtc":"2026-04-25T21:20:43.8693603Z","leg":"leg2-pipe","phase":"sample","totalReceived":60595477,"queueDepth":22,"totalDroppedByRetention":13559353}
{"timestampUtc":"2026-04-25T21:21:43.8898751Z","leg":"leg2-pipe","phase":"sample","totalReceived":60640504,"queueDepth":22,"totalDroppedByRetention":13559943}
{"timestampUtc":"2026-04-25T21:22:43.9098733Z","leg":"leg2-pipe","phase":"sample","totalReceived":60685496,"queueDepth":38,"totalDroppedByRetention":13560572}
{"timestampUtc":"2026-04-25T21:23:43.9241775Z","leg":"leg2-pipe","phase":"sample","totalReceived":60730495,"queueDepth":46,"totalDroppedByRetention":13561078}
{"timestampUtc":"2026-04-25T21:24:43.9387035Z","leg":"leg2-pipe","phase":"sample","totalReceived":60775520,"queueDepth":25,"totalDroppedByRetention":13561736}
{"timestampUtc":"2026-04-25T21:25:43.9737217Z","leg":"leg2-pipe","phase":"sample","totalReceived":60820552,"queueDepth":26,"totalDroppedByRetention":13562366}
{"timestampUtc":"2026-04-25T21:26:44.0040332Z","leg":"leg2-pipe","phase":"sample","totalReceived":60865568,"queueDepth":39,"totalDroppedByRetention":13562816}
{"timestampUtc":"2026-04-25T21:27:44.0220784Z","leg":"leg2-pipe","phase":"sample","totalReceived":60910614,"queueDepth":5,"totalDroppedByRetention":13563318}
{"timestampUtc":"2026-04-25T21:28:44.0384326Z","leg":"leg2-pipe","phase":"sample","totalReceived":60955596,"queueDepth":35,"totalDroppedByRetention":13563782}
{"timestampUtc":"2026-04-25T21:29:44.0698056Z","leg":"leg2-pipe","phase":"sample","totalReceived":61000392,"queueDepth":36,"totalDroppedByRetention":13564407}
{"timestampUtc":"2026-04-25T21:30:44.0952434Z","leg":"leg2-pipe","phase":"sample","totalReceived":61045405,"queueDepth":44,"totalDroppedByRetention":13564943}
{"timestampUtc":"2026-04-25T21:31:44.1127018Z","leg":"leg2-pipe","phase":"sample","totalReceived":61090460,"queueDepth":47,"totalDroppedByRetention":13565563}
{"timestampUtc":"2026-04-25T21:32:44.1347899Z","leg":"leg2-pipe","phase":"sample","totalReceived":61135443,"queueDepth":37,"totalDroppedByRetention":13566157}
{"timestampUtc":"2026-04-25T21:33:44.1540212Z","leg":"leg2-pipe","phase":"sample","totalReceived":61180446,"queueDepth":48,"totalDroppedByRetention":13566629}
{"timestampUtc":"2026-04-25T21:34:44.1664935Z","leg":"leg2-pipe","phase":"sample","totalReceived":61225495,"queueDepth":12,"totalDroppedByRetention":13567152}
{"timestampUtc":"2026-04-25T21:35:44.1948846Z","leg":"leg2-pipe","phase":"sample","totalReceived":61270489,"queueDepth":33,"totalDroppedByRetention":13567793}
{"timestampUtc":"2026-04-25T21:36:44.2114854Z","leg":"leg2-pipe","phase":"failure","reason":"pipe exited with code 1."}
{"timestampUtc":"2026-04-25T21:36:44.2327468Z","leg":"leg3-websocket","phase":"start","requiresRelay":false,"durationSeconds":7200,"sampleIntervalSeconds":60,"processCount":1}
{"timestampUtc":"2026-04-25T21:36:44.2367500Z","leg":"leg3-websocket","phase":"pre","totalReceived":61315145,"queueDepth":0,"totalDroppedByRetention":13568193}
{"timestampUtc":"2026-04-25T21:36:44.2578148Z","leg":"leg3-websocket","phase":"process-start","filePath":"node","arguments":"--no-warnings=MODULE_TYPELESS_PACKAGE_JSON C:\\Project\\Utility\\SmartInspectConsole\\tools\\soak\\traffic-driver.mjs --transport websocket --url ws://127.0.0.1:4229 --sessions 4 --messages-per-second 500 --payload-bytes 1024 --duration-seconds 7200 --timeout-seconds 30 --watches-every 100 --flows-every 200 --app-prefix SoakWebSocket --session-prefix websocket","process":"websocket"}
{"timestampUtc":"2026-04-25T21:37:44.2978377Z","leg":"leg3-websocket","phase":"sample","totalReceived":61434993,"queueDepth":58,"totalDroppedByRetention":13572681}
{"timestampUtc":"2026-04-25T21:38:44.3077305Z","leg":"leg3-websocket","phase":"sample","totalReceived":61555045,"queueDepth":28,"totalDroppedByRetention":13576766}
{"timestampUtc":"2026-04-25T21:39:44.3302287Z","leg":"leg3-websocket","phase":"sample","totalReceived":61675025,"queueDepth":94,"totalDroppedByRetention":13581049}
{"timestampUtc":"2026-04-25T21:40:44.3432471Z","leg":"leg3-websocket","phase":"sample","totalReceived":61795056,"queueDepth":130,"totalDroppedByRetention":13585209}
{"timestampUtc":"2026-04-25T21:41:44.3639276Z","leg":"leg3-websocket","phase":"sample","totalReceived":61915133,"queueDepth":96,"totalDroppedByRetention":13589401}
{"timestampUtc":"2026-04-25T21:42:44.3715950Z","leg":"leg3-websocket","phase":"sample","totalReceived":62035207,"queueDepth":32,"totalDroppedByRetention":13593399}
{"timestampUtc":"2026-04-25T21:43:44.3899996Z","leg":"leg3-websocket","phase":"sample","totalReceived":62155179,"queueDepth":95,"totalDroppedByRetention":13596495}
{"timestampUtc":"2026-04-25T21:44:44.4105777Z","leg":"leg3-websocket","phase":"sample","totalReceived":62275255,"queueDepth":39,"totalDroppedByRetention":13600415}
{"timestampUtc":"2026-04-25T21:45:44.4352215Z","leg":"leg3-websocket","phase":"sample","totalReceived":62395279,"queueDepth":68,"totalDroppedByRetention":13604599}
{"timestampUtc":"2026-04-25T21:46:44.4488713Z","leg":"leg3-websocket","phase":"sample","totalReceived":62515335,"queueDepth":196,"totalDroppedByRetention":13609335}
{"timestampUtc":"2026-04-25T21:47:44.4815997Z","leg":"leg3-websocket","phase":"sample","totalReceived":62635335,"queueDepth":92,"totalDroppedByRetention":13613183}
{"timestampUtc":"2026-04-25T21:48:44.5014429Z","leg":"leg3-websocket","phase":"sample","totalReceived":62755251,"queueDepth":216,"totalDroppedByRetention":13617251}
{"timestampUtc":"2026-04-25T21:49:44.5365470Z","leg":"leg3-websocket","phase":"sample","totalReceived":62875509,"queueDepth":65,"totalDroppedByRetention":13621231}
{"timestampUtc":"2026-04-25T21:50:44.5564055Z","leg":"leg3-websocket","phase":"sample","totalReceived":62995491,"queueDepth":100,"totalDroppedByRetention":13625491}
{"timestampUtc":"2026-04-25T21:51:44.5632647Z","leg":"leg3-websocket","phase":"sample","totalReceived":63115598,"queueDepth":159,"totalDroppedByRetention":13629047}
{"timestampUtc":"2026-04-25T21:52:44.5829319Z","leg":"leg3-websocket","phase":"sample","totalReceived":63235609,"queueDepth":54,"totalDroppedByRetention":13632561}
{"timestampUtc":"2026-04-25T21:53:44.6163049Z","leg":"leg3-websocket","phase":"sample","totalReceived":63355709,"queueDepth":5,"totalDroppedByRetention":13636337}
{"timestampUtc":"2026-04-25T21:54:44.6354763Z","leg":"leg3-websocket","phase":"sample","totalReceived":63475623,"queueDepth":122,"totalDroppedByRetention":13640505}
{"timestampUtc":"2026-04-25T21:55:44.6619563Z","leg":"leg3-websocket","phase":"sample","totalReceived":63595773,"queueDepth":60,"totalDroppedByRetention":13644313}
{"timestampUtc":"2026-04-25T21:56:44.6694750Z","leg":"leg3-websocket","phase":"sample","totalReceived":63715721,"queueDepth":128,"totalDroppedByRetention":13648297}
{"timestampUtc":"2026-04-25T21:57:44.6834565Z","leg":"leg3-websocket","phase":"sample","totalReceived":63835773,"queueDepth":82,"totalDroppedByRetention":13652293}
{"timestampUtc":"2026-04-25T21:58:44.6881662Z","leg":"leg3-websocket","phase":"sample","totalReceived":63955857,"queueDepth":128,"totalDroppedByRetention":13656705}
{"timestampUtc":"2026-04-25T21:59:44.7006606Z","leg":"leg3-websocket","phase":"sample","totalReceived":64075789,"queueDepth":111,"totalDroppedByRetention":13660797}
{"timestampUtc":"2026-04-25T22:00:44.7176745Z","leg":"leg3-websocket","phase":"sample","totalReceived":64195857,"queueDepth":75,"totalDroppedByRetention":13664801}
{"timestampUtc":"2026-04-25T22:01:44.7423091Z","leg":"leg3-websocket","phase":"sample","totalReceived":64315897,"queueDepth":80,"totalDroppedByRetention":13669095}
{"timestampUtc":"2026-04-25T22:02:44.7759706Z","leg":"leg3-websocket","phase":"sample","totalReceived":64435971,"queueDepth":64,"totalDroppedByRetention":13673234}
{"timestampUtc":"2026-04-25T22:03:44.7872012Z","leg":"leg3-websocket","phase":"sample","totalReceived":64555985,"queueDepth":79,"totalDroppedByRetention":13677435}
{"timestampUtc":"2026-04-25T22:04:44.8021603Z","leg":"leg3-websocket","phase":"sample","totalReceived":64675991,"queueDepth":96,"totalDroppedByRetention":13681071}
{"timestampUtc":"2026-04-25T22:05:44.8079435Z","leg":"leg3-websocket","phase":"sample","totalReceived":64796015,"queueDepth":112,"totalDroppedByRetention":13685427}
{"timestampUtc":"2026-04-25T22:06:44.8303956Z","leg":"leg3-websocket","phase":"sample","totalReceived":64916119,"queueDepth":58,"totalDroppedByRetention":13689009}
{"timestampUtc":"2026-04-25T22:07:44.8543004Z","leg":"leg3-websocket","phase":"sample","totalReceived":65036195,"queueDepth":92,"totalDroppedByRetention":13692995}
{"timestampUtc":"2026-04-25T22:08:44.8590972Z","leg":"leg3-websocket","phase":"sample","totalReceived":65156175,"queueDepth":59,"totalDroppedByRetention":13697075}
{"timestampUtc":"2026-04-25T22:09:44.8665147Z","leg":"leg3-websocket","phase":"sample","totalReceived":65276155,"queueDepth":64,"totalDroppedByRetention":13701985}
{"timestampUtc":"2026-04-25T22:10:44.8750036Z","leg":"leg3-websocket","phase":"sample","totalReceived":65396179,"queueDepth":96,"totalDroppedByRetention":13706179}
{"timestampUtc":"2026-04-25T22:11:44.8833913Z","leg":"leg3-websocket","phase":"sample","totalReceived":65516212,"queueDepth":166,"totalDroppedByRetention":13710100}
{"timestampUtc":"2026-04-25T22:12:44.8995263Z","leg":"leg3-websocket","phase":"sample","totalReceived":65636229,"queueDepth":85,"totalDroppedByRetention":13714553}
{"timestampUtc":"2026-04-25T22:13:44.9327820Z","leg":"leg3-websocket","phase":"sample","totalReceived":65756265,"queueDepth":92,"totalDroppedByRetention":13718745}
{"timestampUtc":"2026-04-25T22:14:44.9673534Z","leg":"leg3-websocket","phase":"sample","totalReceived":65876365,"queueDepth":79,"totalDroppedByRetention":13722601}
{"timestampUtc":"2026-04-25T22:15:44.9963637Z","leg":"leg3-websocket","phase":"sample","totalReceived":65996408,"queueDepth":85,"totalDroppedByRetention":13726437}
{"timestampUtc":"2026-04-25T22:16:45.0178273Z","leg":"leg3-websocket","phase":"sample","totalReceived":66116381,"queueDepth":175,"totalDroppedByRetention":13730381}
{"timestampUtc":"2026-04-25T22:17:45.0332682Z","leg":"leg3-websocket","phase":"sample","totalReceived":66236561,"queueDepth":121,"totalDroppedByRetention":13734161}
{"timestampUtc":"2026-04-25T22:18:45.0556343Z","leg":"leg3-websocket","phase":"sample","totalReceived":66356545,"queueDepth":76,"totalDroppedByRetention":13738209}
{"timestampUtc":"2026-04-25T22:19:45.0816504Z","leg":"leg3-websocket","phase":"sample","totalReceived":66476569,"queueDepth":123,"totalDroppedByRetention":13742173}
{"timestampUtc":"2026-04-25T22:20:45.0966735Z","leg":"leg3-websocket","phase":"sample","totalReceived":66596693,"queueDepth":157,"totalDroppedByRetention":13746536}
{"timestampUtc":"2026-04-25T22:21:45.1294792Z","leg":"leg3-websocket","phase":"sample","totalReceived":66716671,"queueDepth":96,"totalDroppedByRetention":13750517}
{"timestampUtc":"2026-04-25T22:22:45.1491811Z","leg":"leg3-websocket","phase":"sample","totalReceived":66836803,"queueDepth":0,"totalDroppedByRetention":13754607}
{"timestampUtc":"2026-04-25T22:23:45.1601561Z","leg":"leg3-websocket","phase":"sample","totalReceived":66956731,"queueDepth":104,"totalDroppedByRetention":13758731}
{"timestampUtc":"2026-04-25T22:24:45.1919008Z","leg":"leg3-websocket","phase":"sample","totalReceived":67076882,"queueDepth":195,"totalDroppedByRetention":13762882}
{"timestampUtc":"2026-04-25T22:25:45.2184594Z","leg":"leg3-websocket","phase":"sample","totalReceived":67196860,"queueDepth":82,"totalDroppedByRetention":13766535}
{"timestampUtc":"2026-04-25T22:26:45.2308856Z","leg":"leg3-websocket","phase":"sample","totalReceived":67316939,"queueDepth":63,"totalDroppedByRetention":13771199}
{"timestampUtc":"2026-04-25T22:27:45.2394981Z","leg":"leg3-websocket","phase":"sample","totalReceived":67436895,"queueDepth":121,"totalDroppedByRetention":13775705}
{"timestampUtc":"2026-04-25T22:28:45.2518698Z","leg":"leg3-websocket","phase":"sample","totalReceived":67557011,"queueDepth":128,"totalDroppedByRetention":13779707}
{"timestampUtc":"2026-04-25T22:29:45.2700996Z","leg":"leg3-websocket","phase":"sample","totalReceived":67677019,"queueDepth":32,"totalDroppedByRetention":13783562}
{"timestampUtc":"2026-04-25T22:30:45.2982760Z","leg":"leg3-websocket","phase":"sample","totalReceived":67797075,"queueDepth":32,"totalDroppedByRetention":13787335}
{"timestampUtc":"2026-04-25T22:31:45.3180469Z","leg":"leg3-websocket","phase":"sample","totalReceived":67917087,"queueDepth":91,"totalDroppedByRetention":13791103}
{"timestampUtc":"2026-04-25T22:32:45.3296291Z","leg":"leg3-websocket","phase":"sample","totalReceived":68037173,"queueDepth":124,"totalDroppedByRetention":13794581}
{"timestampUtc":"2026-04-25T22:33:45.3603819Z","leg":"leg3-websocket","phase":"sample","totalReceived":68157201,"queueDepth":20,"totalDroppedByRetention":13798737}
{"timestampUtc":"2026-04-25T22:34:45.3759265Z","leg":"leg3-websocket","phase":"sample","totalReceived":68277177,"queueDepth":124,"totalDroppedByRetention":13802869}
{"timestampUtc":"2026-04-25T22:35:45.4042890Z","leg":"leg3-websocket","phase":"sample","totalReceived":68397265,"queueDepth":84,"totalDroppedByRetention":13806925}
{"timestampUtc":"2026-04-25T22:36:45.4169158Z","leg":"leg3-websocket","phase":"sample","totalReceived":68517325,"queueDepth":164,"totalDroppedByRetention":13811325}
{"timestampUtc":"2026-04-25T22:37:45.4409335Z","leg":"leg3-websocket","phase":"sample","totalReceived":68637301,"queueDepth":106,"totalDroppedByRetention":13815301}
{"timestampUtc":"2026-04-25T22:38:45.4500550Z","leg":"leg3-websocket","phase":"sample","totalReceived":68757417,"queueDepth":124,"totalDroppedByRetention":13819417}
{"timestampUtc":"2026-04-25T22:39:45.4561800Z","leg":"leg3-websocket","phase":"sample","totalReceived":68877369,"queueDepth":91,"totalDroppedByRetention":13823733}
{"timestampUtc":"2026-04-25T22:40:45.4648463Z","leg":"leg3-websocket","phase":"sample","totalReceived":68997361,"queueDepth":124,"totalDroppedByRetention":13827813}
{"timestampUtc":"2026-04-25T22:41:45.4738570Z","leg":"leg3-websocket","phase":"sample","totalReceived":69117437,"queueDepth":32,"totalDroppedByRetention":13831889}
{"timestampUtc":"2026-04-25T22:42:45.4875409Z","leg":"leg3-websocket","phase":"sample","totalReceived":69237469,"queueDepth":53,"totalDroppedByRetention":13835607}
{"timestampUtc":"2026-04-25T22:43:45.4978574Z","leg":"leg3-websocket","phase":"sample","totalReceived":69357525,"queueDepth":126,"totalDroppedByRetention":13839525}
{"timestampUtc":"2026-04-25T22:44:45.5286640Z","leg":"leg3-websocket","phase":"sample","totalReceived":69477522,"queueDepth":84,"totalDroppedByRetention":13843603}
{"timestampUtc":"2026-04-25T22:45:45.5569473Z","leg":"leg3-websocket","phase":"sample","totalReceived":69597547,"queueDepth":104,"totalDroppedByRetention":13847547}
{"timestampUtc":"2026-04-25T22:46:45.5776349Z","leg":"leg3-websocket","phase":"sample","totalReceived":69717644,"queueDepth":58,"totalDroppedByRetention":13851644}
{"timestampUtc":"2026-04-25T22:47:45.5914438Z","leg":"leg3-websocket","phase":"sample","totalReceived":69837619,"queueDepth":92,"totalDroppedByRetention":13855619}
{"timestampUtc":"2026-04-25T22:48:45.6012369Z","leg":"leg3-websocket","phase":"sample","totalReceived":69957718,"queueDepth":14,"totalDroppedByRetention":13859575}
{"timestampUtc":"2026-04-25T22:49:45.6075862Z","leg":"leg3-websocket","phase":"sample","totalReceived":70077679,"queueDepth":64,"totalDroppedByRetention":13863679}
{"timestampUtc":"2026-04-25T22:50:45.6170810Z","leg":"leg3-websocket","phase":"sample","totalReceived":70197697,"queueDepth":94,"totalDroppedByRetention":13867697}
{"timestampUtc":"2026-04-25T22:51:45.6356136Z","leg":"leg3-websocket","phase":"sample","totalReceived":70317807,"queueDepth":28,"totalDroppedByRetention":13871464}
{"timestampUtc":"2026-04-25T22:52:45.6415662Z","leg":"leg3-websocket","phase":"sample","totalReceived":70437697,"queueDepth":152,"totalDroppedByRetention":13875697}
{"timestampUtc":"2026-04-25T22:53:45.6683523Z","leg":"leg3-websocket","phase":"sample","totalReceived":70557841,"queueDepth":56,"totalDroppedByRetention":13880561}
{"timestampUtc":"2026-04-25T22:54:45.7012702Z","leg":"leg3-websocket","phase":"sample","totalReceived":70677841,"queueDepth":96,"totalDroppedByRetention":13884973}
{"timestampUtc":"2026-04-25T22:55:45.7115989Z","leg":"leg3-websocket","phase":"sample","totalReceived":70797899,"queueDepth":62,"totalDroppedByRetention":13889189}
{"timestampUtc":"2026-04-25T22:56:45.7340438Z","leg":"leg3-websocket","phase":"sample","totalReceived":70917941,"queueDepth":64,"totalDroppedByRetention":13892989}
{"timestampUtc":"2026-04-25T22:57:45.7446087Z","leg":"leg3-websocket","phase":"sample","totalReceived":71037950,"queueDepth":137,"totalDroppedByRetention":13896449}
{"timestampUtc":"2026-04-25T22:58:45.7549937Z","leg":"leg3-websocket","phase":"sample","totalReceived":71157989,"queueDepth":78,"totalDroppedByRetention":13900189}
{"timestampUtc":"2026-04-25T22:59:45.7681495Z","leg":"leg3-websocket","phase":"sample","totalReceived":71277953,"queueDepth":147,"totalDroppedByRetention":13904117}
{"timestampUtc":"2026-04-25T23:00:45.7769167Z","leg":"leg3-websocket","phase":"sample","totalReceived":71398110,"queueDepth":145,"totalDroppedByRetention":13908429}
{"timestampUtc":"2026-04-25T23:01:45.7902493Z","leg":"leg3-websocket","phase":"sample","totalReceived":71518029,"queueDepth":96,"totalDroppedByRetention":13912429}
{"timestampUtc":"2026-04-25T23:02:45.8044226Z","leg":"leg3-websocket","phase":"sample","totalReceived":71638155,"queueDepth":32,"totalDroppedByRetention":13916327}
{"timestampUtc":"2026-04-25T23:03:45.8132059Z","leg":"leg3-websocket","phase":"sample","totalReceived":71758075,"queueDepth":124,"totalDroppedByRetention":13920719}
{"timestampUtc":"2026-04-25T23:04:45.8388215Z","leg":"leg3-websocket","phase":"sample","totalReceived":71878165,"queueDepth":58,"totalDroppedByRetention":13924491}
{"timestampUtc":"2026-04-25T23:05:45.8446242Z","leg":"leg3-websocket","phase":"sample","totalReceived":71998175,"queueDepth":70,"totalDroppedByRetention":13929271}
{"timestampUtc":"2026-04-25T23:06:45.8546422Z","leg":"leg3-websocket","phase":"sample","totalReceived":72118173,"queueDepth":105,"totalDroppedByRetention":13933147}
{"timestampUtc":"2026-04-25T23:07:45.8774005Z","leg":"leg3-websocket","phase":"sample","totalReceived":72238271,"queueDepth":48,"totalDroppedByRetention":13937198}
{"timestampUtc":"2026-04-25T23:08:45.8920555Z","leg":"leg3-websocket","phase":"sample","totalReceived":72358195,"queueDepth":148,"totalDroppedByRetention":13941014}
{"timestampUtc":"2026-04-25T23:09:45.9035875Z","leg":"leg3-websocket","phase":"sample","totalReceived":72478323,"queueDepth":60,"totalDroppedByRetention":13944810}
{"timestampUtc":"2026-04-25T23:10:45.9744414Z","leg":"leg3-websocket","phase":"sample","totalReceived":72597744,"queueDepth":683,"totalDroppedByRetention":13949744}
{"timestampUtc":"2026-04-25T23:11:46.0164198Z","leg":"leg3-websocket","phase":"sample","totalReceived":72718498,"queueDepth":93,"totalDroppedByRetention":13953811}
{"timestampUtc":"2026-04-25T23:12:48.0792567Z","leg":"leg3-websocket","phase":"failure","reason":"The property \u0027queueDepth\u0027 cannot be found on this object. Verify that the property exists."}
{"timestampUtc":"2026-04-25T23:12:48.1058891Z","leg":"leg4-relay","phase":"start","requiresRelay":true,"durationSeconds":7200,"sampleIntervalSeconds":60,"processCount":1}
{"timestampUtc":"2026-04-25T23:12:50.1466760Z","leg":"leg4-relay","phase":"failure","reason":"The property \u0027queueDepth\u0027 cannot be found on this object. Verify that the property exists."}
{"timestampUtc":"2026-04-25T23:12:50.1540358Z","leg":"leg5-mixed","phase":"start","requiresRelay":true,"durationSeconds":7200,"sampleIntervalSeconds":60,"processCount":4}
{"timestampUtc":"2026-04-25T23:12:52.2013445Z","leg":"leg5-mixed","phase":"failure","reason":"The property \u0027queueDepth\u0027 cannot be found on this object. Verify that the property exists."}
Run output: C:\Project\Utility\SmartInspectConsole\artifacts\soak\soak-20260425-133608
